2025-03-24 14:37:48 [Test worker] INFO  Main - Program started
2025-03-24 14:37:48 [Test worker] INFO  factory.Factory - Factory config parsing is started factoryConfiguraton.txt
2025-03-24 14:37:48 [Test worker] ERROR factory.Factory - Could not create inputStream from factoryConfiguraton.txt
2025-03-24 14:37:48 [Test worker] INFO  commands.Addition - Applying ADD command started
2025-03-24 14:37:48 [Test worker] INFO  commands.Addition - Applying addition command finished
2025-03-24 14:37:48 [Test worker] INFO  commands.Addition - Applying ADD command started
2025-03-24 14:37:48 [Test worker] ERROR commands.Addition - Not enough elements in stack
2025-03-24 14:37:48 [Test worker] ERROR commands.Definition - Not enough arguments
2025-03-24 14:37:48 [Test worker] INFO  commands.Definition - Invalid value for DEFINE
2025-03-24 14:37:48 [Test worker] INFO  commands.Definition - Applying DEFINE command started
2025-03-24 14:37:48 [Test worker] ERROR commands.Definition - Variable a already exists
2025-03-24 14:37:48 [Test worker] INFO  commands.Definition - Applying DEFINE command started
2025-03-24 14:37:48 [Test worker] INFO  commands.Definition - Applying addition command finished
2025-03-24 14:37:48 [Test worker] INFO  commands.Division - Applying DIV command started
2025-03-24 14:37:48 [Test worker] ERROR commands.Division - Division by zero
2025-03-24 14:37:48 [Test worker] INFO  commands.Division - Applying DIV command started
2025-03-24 14:37:48 [Test worker] ERROR commands.Division - Not enough elements in stack
2025-03-24 14:37:48 [Test worker] INFO  commands.Division - Applying DIV command started
2025-03-24 14:37:48 [Test worker] INFO  commands.Division - Applying DIV command ended
2025-03-24 14:37:48 [Test worker] INFO  commands.Multiplication - Applying MUL command started
2025-03-24 14:37:48 [Test worker] ERROR commands.Multiplication - Not enough elements in stack
2025-03-24 14:37:48 [Test worker] INFO  commands.Multiplication - Applying MUL command started
2025-03-24 14:37:48 [Test worker] INFO  commands.Multiplication - Applying MUL command ended
2025-03-24 14:37:48 [Test worker] INFO  commands.Pop - Applying POP command started
2025-03-24 14:37:48 [Test worker] ERROR commands.Pop - Not enough elements in stack
2025-03-24 14:37:48 [Test worker] INFO  commands.Pop - Applying POP command started
2025-03-24 14:37:48 [Test worker] INFO  commands.Pop - Applying POP command ended
2025-03-24 14:37:48 [Test worker] INFO  commands.Print - Applying PRINT command started
2025-03-24 14:37:48 [Test worker] INFO  commands.Print - Applying PRINT command ended
2025-03-24 14:37:48 [Test worker] INFO  commands.Print - Applying PRINT command started
2025-03-24 14:37:48 [Test worker] ERROR commands.Print - Not enough elements in stack
2025-03-24 14:37:48 [Test worker] INFO  commands.Push - Applying PUSH command started
2025-03-24 14:37:48 [Test worker] ERROR commands.Push - Invalid parameter for PUSH b
2025-03-24 14:37:48 [Test worker] INFO  commands.Push - Applying PUSH command started
2025-03-24 14:37:48 [Test worker] INFO  commands.Push - Applying PUSH command started
2025-03-24 14:37:48 [Test worker] INFO  commands.Push - Applying PUSH command started
2025-03-24 14:37:48 [Test worker] INFO  commands.Push - Applying PUSH command started
2025-03-24 14:37:48 [Test worker] INFO  commands.Sqrt - Applying SQRT command started
2025-03-24 14:37:48 [Test worker] INFO  commands.Sqrt - Applying SQRT command ended
2025-03-24 14:37:48 [Test worker] INFO  commands.Sqrt - Applying SQRT command started
2025-03-24 14:37:48 [Test worker] ERROR commands.Sqrt - Trying to get a SQRT of a negative value -10.0
2025-03-24 14:37:48 [Test worker] INFO  commands.Sqrt - Applying SQRT command started
2025-03-24 14:37:48 [Test worker] ERROR commands.Sqrt - Not enough elements in stack
2025-03-24 14:37:48 [Test worker] INFO  commands.Subtraction - Applying SUB command started
2025-03-24 14:37:48 [Test worker] INFO  commands.Subtraction - Applying SUB command ended
2025-03-24 14:37:48 [Test worker] INFO  commands.Subtraction - Applying SUB command started
2025-03-24 14:37:48 [Test worker] ERROR commands.Subtraction - Not enough elements in stack
2025-03-24 14:37:50 [Test worker] INFO  configuration.ConfigParser - Config parsing is started mockConfig.txt
2025-03-24 14:37:50 [Test worker] INFO  configuration.ConfigParser - Config parsing is started invalid.txt
2025-03-24 14:37:50 [Test worker] ERROR configuration.ConfigParser - Can not create inputStream from invalid.txt
2025-03-24 14:37:50 [Test worker] INFO  configuration.ConfigParser - Config parsing is started null
2025-03-24 14:37:50 [Test worker] INFO  configuration.ConfigParser - Switching to console mode
2025-03-24 14:37:50 [Test worker] INFO  configuration.ConfigParser - Config parsing is started null
2025-03-24 14:37:50 [Test worker] INFO  configuration.ConfigParser - Switching to console mode
2025-03-24 14:37:50 [Test worker] INFO  factory.Factory - Factory config parsing is started invalid.txt
2025-03-24 14:37:50 [Test worker] ERROR factory.Factory - Could not create inputStream from invalid.txt
2025-03-24 14:37:50 [Test worker] INFO  factory.Factory - Factory config parsing is started invalidConfig.txt
2025-03-24 14:37:50 [Test worker] ERROR factory.Factory - Invalid config format
2025-03-24 14:37:50 [Test worker] INFO  factory.Factory - Factory config parsing is started factoryConfiguration.txt
2025-03-24 14:37:50 [Test worker] INFO  factory.Factory - Command creation is started GET
2025-03-24 14:37:50 [Test worker] ERROR factory.Factory - Invalid command name
2025-03-24 14:37:50 [Test worker] INFO  factory.Factory - Command creation is started DEFINE
2025-03-24 14:37:50 [Test worker] INFO  factory.Factory - Command creation is started SQRT
2025-03-24 14:38:16 [main] INFO  Main - Program started
2025-03-24 14:38:16 [main] INFO  factory.Factory - Factory config parsing is started factoryConfigration.txt
2025-03-24 14:38:16 [main] ERROR factory.Factory - Could not create inputStream from factoryConfigration.txt
